<?xml version="1.0" encoding="UTF-8"?>
<coverage generated="1680743355399" clover="3.2.0">
  <project timestamp="1680743355399" name="All files">
    <metrics statements="134" coveredstatements="107" conditionals="94" coveredconditionals="60" methods="21" coveredmethods="20" elements="249" coveredelements="187" complexity="0" loc="134" ncloc="134" packages="1" files="1" classes="1"/>
    <file name="binaryTree.js" path="/home/danny/repos/Binary-Search-Tree/binaryTree.js">
      <metrics statements="134" coveredstatements="107" conditionals="94" coveredconditionals="60" methods="21" coveredmethods="20"/>
      <line num="3" count="12" type="stmt"/>
      <line num="7" count="248" type="cond" truecount="2" falsecount="0"/>
      <line num="8" count="134" type="stmt"/>
      <line num="10" count="114" type="stmt"/>
      <line num="11" count="114" type="stmt"/>
      <line num="12" count="114" type="stmt"/>
      <line num="13" count="114" type="stmt"/>
      <line num="14" count="114" type="stmt"/>
      <line num="18" count="15" type="cond" truecount="1" falsecount="1"/>
      <line num="19" count="0" type="stmt"/>
      <line num="21" count="15" type="cond" truecount="1" falsecount="1"/>
      <line num="22" count="0" type="cond" truecount="0" falsecount="2"/>
      <line num="23" count="0" type="stmt"/>
      <line num="24" count="0" type="stmt"/>
      <line num="25" count="0" type="cond" truecount="0" falsecount="2"/>
      <line num="26" count="0" type="stmt"/>
      <line num="28" count="15" type="cond" truecount="1" falsecount="1"/>
      <line num="29" count="15" type="cond" truecount="2" falsecount="0"/>
      <line num="30" count="4" type="stmt"/>
      <line num="31" count="4" type="stmt"/>
      <line num="32" count="11" type="cond" truecount="1" falsecount="1"/>
      <line num="33" count="11" type="stmt"/>
      <line num="36" count="0" type="stmt"/>
      <line num="39" count="12" type="cond" truecount="0" falsecount="2"/>
      <line num="40" count="0" type="cond" truecount="0" falsecount="2"/>
      <line num="41" count="0" type="stmt"/>
      <line num="43" count="0" type="cond" truecount="0" falsecount="2"/>
      <line num="44" count="0" type="cond" truecount="0" falsecount="2"/>
      <line num="46" count="0" type="cond" truecount="0" falsecount="2"/>
      <line num="47" count="0" type="cond" truecount="0" falsecount="2"/>
      <line num="48" count="0" type="cond" truecount="0" falsecount="2"/>
      <line num="52" count="2" type="cond" truecount="1" falsecount="1"/>
      <line num="53" count="0" type="stmt"/>
      <line num="55" count="2" type="cond" truecount="1" falsecount="1"/>
      <line num="56" count="0" type="stmt"/>
      <line num="57" count="2" type="cond" truecount="1" falsecount="1"/>
      <line num="58" count="0" type="stmt"/>
      <line num="60" count="2" type="cond" truecount="2" falsecount="0"/>
      <line num="61" count="1" type="stmt"/>
      <line num="62" count="1" type="cond" truecount="1" falsecount="1"/>
      <line num="63" count="0" type="stmt"/>
      <line num="65" count="1" type="stmt"/>
      <line num="66" count="1" type="stmt"/>
      <line num="68" count="1" type="stmt"/>
      <line num="72" count="1" type="stmt"/>
      <line num="73" count="1" type="stmt"/>
      <line num="74" count="0" type="stmt"/>
      <line num="75" count="0" type="stmt"/>
      <line num="77" count="1" type="stmt"/>
      <line num="81" count="1" type="cond" truecount="1" falsecount="1"/>
      <line num="82" count="0" type="stmt"/>
      <line num="84" count="1" type="cond" truecount="1" falsecount="1"/>
      <line num="85" count="0" type="stmt"/>
      <line num="87" count="1" type="cond" truecount="1" falsecount="1"/>
      <line num="88" count="0" type="stmt"/>
      <line num="90" count="1" type="stmt"/>
      <line num="94" count="12" type="stmt"/>
      <line num="95" count="12" type="stmt"/>
      <line num="98" count="3" type="stmt"/>
      <line num="99" count="3" type="stmt"/>
      <line num="100" count="3" type="stmt"/>
      <line num="101" count="5" type="stmt"/>
      <line num="102" count="5" type="cond" truecount="2" falsecount="0"/>
      <line num="103" count="1" type="stmt"/>
      <line num="104" count="1" type="stmt"/>
      <line num="106" count="5" type="cond" truecount="2" falsecount="0"/>
      <line num="107" count="3" type="stmt"/>
      <line num="108" count="3" type="stmt"/>
      <line num="111" count="3" type="cond" truecount="2" falsecount="0"/>
      <line num="112" count="1" type="stmt"/>
      <line num="114" count="2" type="stmt"/>
      <line num="115" count="2" type="stmt"/>
      <line num="119" count="1" type="cond" truecount="1" falsecount="1"/>
      <line num="120" count="0" type="stmt"/>
      <line num="122" count="1" type="stmt"/>
      <line num="123" count="1" type="stmt"/>
      <line num="124" count="1" type="stmt"/>
      <line num="125" count="1" type="stmt"/>
      <line num="129" count="31" type="cond" truecount="2" falsecount="0"/>
      <line num="130" count="18" type="stmt"/>
      <line num="132" count="13" type="stmt"/>
      <line num="133" count="13" type="stmt"/>
      <line num="134" count="13" type="stmt"/>
      <line num="135" count="13" type="stmt"/>
      <line num="139" count="1" type="cond" truecount="1" falsecount="1"/>
      <line num="140" count="0" type="stmt"/>
      <line num="142" count="1" type="stmt"/>
      <line num="143" count="1" type="stmt"/>
      <line num="144" count="1" type="stmt"/>
      <line num="145" count="1" type="stmt"/>
      <line num="150" count="1" type="cond" truecount="1" falsecount="1"/>
      <line num="151" count="0" type="stmt"/>
      <line num="153" count="1" type="stmt"/>
      <line num="154" count="1" type="stmt"/>
      <line num="155" count="1" type="stmt"/>
      <line num="156" count="1" type="stmt"/>
      <line num="160" count="33" type="cond" truecount="2" falsecount="0"/>
      <line num="161" count="22" type="stmt"/>
      <line num="163" count="11" type="stmt"/>
      <line num="167" count="9" type="cond" truecount="2" falsecount="0"/>
      <line num="168" count="4" type="stmt"/>
      <line num="170" count="5" type="stmt"/>
      <line num="171" count="5" type="cond" truecount="5" falsecount="0"/>
      <line num="172" count="3" type="stmt"/>
      <line num="174" count="2" type="stmt"/>
      <line num="178" count="11" type="cond" truecount="2" falsecount="0"/>
      <line num="179" count="6" type="stmt"/>
      <line num="181" count="5" type="stmt"/>
      <line num="182" count="5" type="stmt"/>
      <line num="183" count="5" type="cond" truecount="1" falsecount="1"/>
      <line num="187" count="5" type="stmt"/>
      <line num="189" count="0" type="stmt"/>
      <line num="192" count="12" type="stmt"/>
      <line num="194" count="17" type="cond" truecount="2" falsecount="0"/>
      <line num="195" count="9" type="stmt"/>
      <line num="197" count="8" type="stmt"/>
      <line num="198" count="8" type="stmt"/>
      <line num="199" count="8" type="stmt"/>
      <line num="200" count="8" type="stmt"/>
      <line num="201" count="8" type="stmt"/>
      <line num="209" count="118" type="stmt"/>
      <line num="210" count="118" type="stmt"/>
      <line num="211" count="118" type="stmt"/>
      <line num="217" count="12" type="stmt"/>
      <line num="218" count="12" type="stmt"/>
      <line num="219" count="12" type="stmt"/>
      <line num="222" count="5" type="stmt"/>
      <line num="223" count="5" type="stmt"/>
      <line num="226" count="5" type="stmt"/>
      <line num="227" count="5" type="stmt"/>
      <line num="228" count="5" type="stmt"/>
      <line num="229" count="5" type="stmt"/>
      <line num="232" count="6" type="stmt"/>
      <line num="242" count="1" type="stmt"/>
    </file>
  </project>
</coverage>
