{"/home/danny/repos/Binary-Search-Tree/binaryTree.js": {"path":"/home/danny/repos/Binary-Search-Tree/binaryTree.js","statementMap":{"0":{"start":{"line":3,"column":8},"end":{"line":3,"column":42}},"1":{"start":{"line":7,"column":8},"end":{"line":9,"column":9}},"2":{"start":{"line":8,"column":12},"end":{"line":8,"column":24}},"3":{"start":{"line":10,"column":20},"end":{"line":10,"column":49}},"4":{"start":{"line":11,"column":21},"end":{"line":11,"column":58}},"5":{"start":{"line":12,"column":22},"end":{"line":12,"column":58}},"6":{"start":{"line":13,"column":21},"end":{"line":13,"column":54}},"7":{"start":{"line":14,"column":8},"end":{"line":14,"column":20}},"8":{"start":{"line":18,"column":8},"end":{"line":20,"column":9}},"9":{"start":{"line":19,"column":12},"end":{"line":19,"column":52}},"10":{"start":{"line":21,"column":8},"end":{"line":37,"column":9}},"11":{"start":{"line":22,"column":12},"end":{"line":27,"column":13}},"12":{"start":{"line":23,"column":16},"end":{"line":23,"column":56}},"13":{"start":{"line":24,"column":16},"end":{"line":24,"column":23}},"14":{"start":{"line":25,"column":19},"end":{"line":27,"column":13}},"15":{"start":{"line":26,"column":16},"end":{"line":26,"column":53}},"16":{"start":{"line":28,"column":15},"end":{"line":37,"column":9}},"17":{"start":{"line":29,"column":12},"end":{"line":34,"column":13}},"18":{"start":{"line":30,"column":16},"end":{"line":30,"column":57}},"19":{"start":{"line":31,"column":16},"end":{"line":31,"column":23}},"20":{"start":{"line":32,"column":19},"end":{"line":34,"column":13}},"21":{"start":{"line":33,"column":16},"end":{"line":33,"column":54}},"22":{"start":{"line":36,"column":12},"end":{"line":36,"column":24}},"23":{"start":{"line":39,"column":18},"end":{"line":50,"column":5}},"24":{"start":{"line":40,"column":8},"end":{"line":42,"column":9}},"25":{"start":{"line":41,"column":11},"end":{"line":41,"column":18}},"26":{"start":{"line":43,"column":8},"end":{"line":45,"column":9}},"27":{"start":{"line":44,"column":10},"end":{"line":44,"column":86}},"28":{"start":{"line":46,"column":8},"end":{"line":46,"column":73}},"29":{"start":{"line":47,"column":8},"end":{"line":49,"column":9}},"30":{"start":{"line":48,"column":10},"end":{"line":48,"column":84}},"31":{"start":{"line":52,"column":8},"end":{"line":54,"column":9}},"32":{"start":{"line":53,"column":12},"end":{"line":53,"column":24}},"33":{"start":{"line":55,"column":8},"end":{"line":67,"column":9}},"34":{"start":{"line":56,"column":12},"end":{"line":56,"column":54}},"35":{"start":{"line":57,"column":15},"end":{"line":67,"column":9}},"36":{"start":{"line":58,"column":12},"end":{"line":58,"column":56}},"37":{"start":{"line":60,"column":12},"end":{"line":64,"column":13}},"38":{"start":{"line":61,"column":16},"end":{"line":61,"column":34}},"39":{"start":{"line":62,"column":19},"end":{"line":64,"column":13}},"40":{"start":{"line":63,"column":16},"end":{"line":63,"column":33}},"41":{"start":{"line":65,"column":12},"end":{"line":65,"column":50}},"42":{"start":{"line":66,"column":12},"end":{"line":66,"column":60}},"43":{"start":{"line":68,"column":8},"end":{"line":68,"column":20}},"44":{"start":{"line":72,"column":18},"end":{"line":72,"column":28}},"45":{"start":{"line":73,"column":8},"end":{"line":76,"column":9}},"46":{"start":{"line":74,"column":12},"end":{"line":74,"column":34}},"47":{"start":{"line":75,"column":12},"end":{"line":75,"column":29}},"48":{"start":{"line":77,"column":8},"end":{"line":77,"column":19}},"49":{"start":{"line":81,"column":8},"end":{"line":83,"column":9}},"50":{"start":{"line":82,"column":12},"end":{"line":82,"column":24}},"51":{"start":{"line":84,"column":8},"end":{"line":91,"column":9}},"52":{"start":{"line":85,"column":12},"end":{"line":85,"column":47}},"53":{"start":{"line":87,"column":15},"end":{"line":91,"column":9}},"54":{"start":{"line":88,"column":12},"end":{"line":88,"column":48}},"55":{"start":{"line":90,"column":12},"end":{"line":90,"column":24}},"56":{"start":{"line":94,"column":12},"end":{"line":94,"column":27}},"57":{"start":{"line":95,"column":17},"end":{"line":95,"column":19}},"58":{"start":{"line":98,"column":27},"end":{"line":98,"column":29}},"59":{"start":{"line":99,"column":16},"end":{"line":99,"column":33}},"60":{"start":{"line":100,"column":8},"end":{"line":110,"column":9}},"61":{"start":{"line":100,"column":21},"end":{"line":100,"column":22}},"62":{"start":{"line":101,"column":25},"end":{"line":101,"column":45}},"63":{"start":{"line":102,"column":12},"end":{"line":105,"column":13}},"64":{"start":{"line":103,"column":16},"end":{"line":103,"column":45}},"65":{"start":{"line":104,"column":16},"end":{"line":104,"column":48}},"66":{"start":{"line":106,"column":12},"end":{"line":109,"column":13}},"67":{"start":{"line":107,"column":16},"end":{"line":107,"column":46}},"68":{"start":{"line":108,"column":16},"end":{"line":108,"column":49}},"69":{"start":{"line":111,"column":8},"end":{"line":113,"column":9}},"70":{"start":{"line":112,"column":12},"end":{"line":112,"column":19}},"71":{"start":{"line":114,"column":8},"end":{"line":114,"column":41}},"72":{"start":{"line":115,"column":8},"end":{"line":115,"column":23}},"73":{"start":{"line":119,"column":8},"end":{"line":121,"column":9}},"74":{"start":{"line":120,"column":12},"end":{"line":120,"column":19}},"75":{"start":{"line":122,"column":8},"end":{"line":122,"column":38}},"76":{"start":{"line":123,"column":8},"end":{"line":123,"column":48}},"77":{"start":{"line":124,"column":8},"end":{"line":124,"column":23}},"78":{"start":{"line":125,"column":8},"end":{"line":125,"column":31}},"79":{"start":{"line":129,"column":8},"end":{"line":131,"column":9}},"80":{"start":{"line":130,"column":12},"end":{"line":130,"column":19}},"81":{"start":{"line":132,"column":8},"end":{"line":132,"column":36}},"82":{"start":{"line":133,"column":8},"end":{"line":133,"column":29}},"83":{"start":{"line":134,"column":8},"end":{"line":134,"column":37}},"84":{"start":{"line":135,"column":8},"end":{"line":135,"column":18}},"85":{"start":{"line":139,"column":8},"end":{"line":141,"column":9}},"86":{"start":{"line":140,"column":12},"end":{"line":140,"column":19}},"87":{"start":{"line":142,"column":8},"end":{"line":142,"column":29}},"88":{"start":{"line":143,"column":8},"end":{"line":143,"column":36}},"89":{"start":{"line":144,"column":8},"end":{"line":144,"column":37}},"90":{"start":{"line":145,"column":8},"end":{"line":145,"column":18}},"91":{"start":{"line":150,"column":8},"end":{"line":152,"column":9}},"92":{"start":{"line":151,"column":12},"end":{"line":151,"column":19}},"93":{"start":{"line":153,"column":8},"end":{"line":153,"column":36}},"94":{"start":{"line":154,"column":8},"end":{"line":154,"column":37}},"95":{"start":{"line":155,"column":8},"end":{"line":155,"column":28}},"96":{"start":{"line":156,"column":8},"end":{"line":156,"column":18}},"97":{"start":{"line":160,"column":8},"end":{"line":162,"column":9}},"98":{"start":{"line":161,"column":12},"end":{"line":161,"column":21}},"99":{"start":{"line":163,"column":8},"end":{"line":163,"column":77}},"100":{"start":{"line":167,"column":8},"end":{"line":169,"column":9}},"101":{"start":{"line":168,"column":12},"end":{"line":168,"column":22}},"102":{"start":{"line":170,"column":19},"end":{"line":170,"column":21}},"103":{"start":{"line":171,"column":8},"end":{"line":173,"column":9}},"104":{"start":{"line":172,"column":12},"end":{"line":172,"column":28}},"105":{"start":{"line":174,"column":8},"end":{"line":174,"column":20}},"106":{"start":{"line":178,"column":8},"end":{"line":180,"column":9}},"107":{"start":{"line":179,"column":12},"end":{"line":179,"column":23}},"108":{"start":{"line":181,"column":17},"end":{"line":181,"column":39}},"109":{"start":{"line":182,"column":17},"end":{"line":182,"column":40}},"110":{"start":{"line":183,"column":8},"end":{"line":188,"column":9}},"111":{"start":{"line":187,"column":16},"end":{"line":187,"column":28}},"112":{"start":{"line":189,"column":8},"end":{"line":189,"column":21}},"113":{"start":{"line":192,"column":14},"end":{"line":192,"column":16}},"114":{"start":{"line":194,"column":8},"end":{"line":196,"column":9}},"115":{"start":{"line":195,"column":12},"end":{"line":195,"column":18}},"116":{"start":{"line":197,"column":8},"end":{"line":197,"column":37}},"117":{"start":{"line":198,"column":8},"end":{"line":198,"column":34}},"118":{"start":{"line":199,"column":8},"end":{"line":199,"column":35}},"119":{"start":{"line":200,"column":25},"end":{"line":200,"column":53}},"120":{"start":{"line":201,"column":8},"end":{"line":201,"column":24}},"121":{"start":{"line":209,"column":8},"end":{"line":209,"column":27}},"122":{"start":{"line":210,"column":8},"end":{"line":210,"column":25}},"123":{"start":{"line":211,"column":8},"end":{"line":211,"column":27}},"124":{"start":{"line":217,"column":8},"end":{"line":217,"column":24}},"125":{"start":{"line":218,"column":8},"end":{"line":218,"column":28}},"126":{"start":{"line":219,"column":8},"end":{"line":219,"column":27}},"127":{"start":{"line":222,"column":8},"end":{"line":222,"column":42}},"128":{"start":{"line":223,"column":8},"end":{"line":223,"column":25}},"129":{"start":{"line":226,"column":21},"end":{"line":226,"column":48}},"130":{"start":{"line":227,"column":8},"end":{"line":227,"column":43}},"131":{"start":{"line":228,"column":8},"end":{"line":228,"column":26}},"132":{"start":{"line":229,"column":8},"end":{"line":229,"column":20}},"133":{"start":{"line":232,"column":8},"end":{"line":232,"column":48}},"134":{"start":{"line":242,"column":0},"end":{"line":242,"column":28}}},"fnMap":{"0":{"name":"(anonymous_0)","decl":{"start":{"line":2,"column":4},"end":{"line":2,"column":5}},"loc":{"start":{"line":2,"column":23},"end":{"line":4,"column":5}},"line":2},"1":{"name":"(anonymous_1)","decl":{"start":{"line":6,"column":4},"end":{"line":6,"column":5}},"loc":{"start":{"line":6,"column":56},"end":{"line":15,"column":5}},"line":6},"2":{"name":"(anonymous_2)","decl":{"start":{"line":17,"column":4},"end":{"line":17,"column":5}},"loc":{"start":{"line":17,"column":36},"end":{"line":38,"column":5}},"line":17},"3":{"name":"(anonymous_3)","decl":{"start":{"line":39,"column":18},"end":{"line":39,"column":19}},"loc":{"start":{"line":39,"column":56},"end":{"line":50,"column":5}},"line":39},"4":{"name":"(anonymous_4)","decl":{"start":{"line":51,"column":4},"end":{"line":51,"column":5}},"loc":{"start":{"line":51,"column":36},"end":{"line":69,"column":5}},"line":51},"5":{"name":"(anonymous_5)","decl":{"start":{"line":71,"column":4},"end":{"line":71,"column":5}},"loc":{"start":{"line":71,"column":19},"end":{"line":78,"column":5}},"line":71},"6":{"name":"(anonymous_6)","decl":{"start":{"line":80,"column":4},"end":{"line":80,"column":5}},"loc":{"start":{"line":80,"column":34},"end":{"line":92,"column":5}},"line":80},"7":{"name":"(anonymous_7)","decl":{"start":{"line":97,"column":4},"end":{"line":97,"column":5}},"loc":{"start":{"line":97,"column":14},"end":{"line":116,"column":5}},"line":97},"8":{"name":"(anonymous_8)","decl":{"start":{"line":118,"column":4},"end":{"line":118,"column":5}},"loc":{"start":{"line":118,"column":36},"end":{"line":126,"column":5}},"line":118},"9":{"name":"(anonymous_9)","decl":{"start":{"line":128,"column":4},"end":{"line":128,"column":5}},"loc":{"start":{"line":128,"column":40},"end":{"line":136,"column":5}},"line":128},"10":{"name":"(anonymous_10)","decl":{"start":{"line":138,"column":4},"end":{"line":138,"column":5}},"loc":{"start":{"line":138,"column":41},"end":{"line":147,"column":5}},"line":138},"11":{"name":"(anonymous_11)","decl":{"start":{"line":149,"column":4},"end":{"line":149,"column":5}},"loc":{"start":{"line":149,"column":42},"end":{"line":157,"column":5}},"line":149},"12":{"name":"(anonymous_12)","decl":{"start":{"line":159,"column":4},"end":{"line":159,"column":5}},"loc":{"start":{"line":159,"column":29},"end":{"line":164,"column":5}},"line":159},"13":{"name":"(anonymous_13)","decl":{"start":{"line":166,"column":4},"end":{"line":166,"column":5}},"loc":{"start":{"line":166,"column":31},"end":{"line":175,"column":5}},"line":166},"14":{"name":"(anonymous_14)","decl":{"start":{"line":177,"column":4},"end":{"line":177,"column":5}},"loc":{"start":{"line":177,"column":33},"end":{"line":190,"column":5}},"line":177},"15":{"name":"(anonymous_15)","decl":{"start":{"line":193,"column":4},"end":{"line":193,"column":5}},"loc":{"start":{"line":193,"column":33},"end":{"line":202,"column":5}},"line":193},"16":{"name":"(anonymous_16)","decl":{"start":{"line":208,"column":4},"end":{"line":208,"column":5}},"loc":{"start":{"line":208,"column":36},"end":{"line":212,"column":5}},"line":208},"17":{"name":"(anonymous_17)","decl":{"start":{"line":216,"column":4},"end":{"line":216,"column":5}},"loc":{"start":{"line":216,"column":18},"end":{"line":220,"column":5}},"line":216},"18":{"name":"(anonymous_18)","decl":{"start":{"line":221,"column":4},"end":{"line":221,"column":5}},"loc":{"start":{"line":221,"column":18},"end":{"line":224,"column":5}},"line":221},"19":{"name":"(anonymous_19)","decl":{"start":{"line":225,"column":4},"end":{"line":225,"column":5}},"loc":{"start":{"line":225,"column":14},"end":{"line":230,"column":5}},"line":225},"20":{"name":"(anonymous_20)","decl":{"start":{"line":231,"column":4},"end":{"line":231,"column":5}},"loc":{"start":{"line":231,"column":11},"end":{"line":233,"column":5}},"line":231}},"branchMap":{"0":{"loc":{"start":{"line":6,"column":21},"end":{"line":6,"column":30}},"type":"default-arg","locations":[{"start":{"line":6,"column":29},"end":{"line":6,"column":30}}],"line":6},"1":{"loc":{"start":{"line":6,"column":32},"end":{"line":6,"column":54}},"type":"default-arg","locations":[{"start":{"line":6,"column":38},"end":{"line":6,"column":54}}],"line":6},"2":{"loc":{"start":{"line":7,"column":8},"end":{"line":9,"column":9}},"type":"if","locations":[{"start":{"line":7,"column":8},"end":{"line":9,"column":9}},{"start":{},"end":{}}],"line":7},"3":{"loc":{"start":{"line":17,"column":18},"end":{"line":17,"column":34}},"type":"default-arg","locations":[{"start":{"line":17,"column":25},"end":{"line":17,"column":34}}],"line":17},"4":{"loc":{"start":{"line":18,"column":8},"end":{"line":20,"column":9}},"type":"if","locations":[{"start":{"line":18,"column":8},"end":{"line":20,"column":9}},{"start":{},"end":{}}],"line":18},"5":{"loc":{"start":{"line":21,"column":8},"end":{"line":37,"column":9}},"type":"if","locations":[{"start":{"line":21,"column":8},"end":{"line":37,"column":9}},{"start":{"line":28,"column":15},"end":{"line":37,"column":9}}],"line":21},"6":{"loc":{"start":{"line":22,"column":12},"end":{"line":27,"column":13}},"type":"if","locations":[{"start":{"line":22,"column":12},"end":{"line":27,"column":13}},{"start":{"line":25,"column":19},"end":{"line":27,"column":13}}],"line":22},"7":{"loc":{"start":{"line":25,"column":19},"end":{"line":27,"column":13}},"type":"if","locations":[{"start":{"line":25,"column":19},"end":{"line":27,"column":13}},{"start":{},"end":{}}],"line":25},"8":{"loc":{"start":{"line":28,"column":15},"end":{"line":37,"column":9}},"type":"if","locations":[{"start":{"line":28,"column":15},"end":{"line":37,"column":9}},{"start":{"line":35,"column":15},"end":{"line":37,"column":9}}],"line":28},"9":{"loc":{"start":{"line":29,"column":12},"end":{"line":34,"column":13}},"type":"if","locations":[{"start":{"line":29,"column":12},"end":{"line":34,"column":13}},{"start":{"line":32,"column":19},"end":{"line":34,"column":13}}],"line":29},"10":{"loc":{"start":{"line":32,"column":19},"end":{"line":34,"column":13}},"type":"if","locations":[{"start":{"line":32,"column":19},"end":{"line":34,"column":13}},{"start":{},"end":{}}],"line":32},"11":{"loc":{"start":{"line":39,"column":25},"end":{"line":39,"column":36}},"type":"default-arg","locations":[{"start":{"line":39,"column":34},"end":{"line":39,"column":36}}],"line":39},"12":{"loc":{"start":{"line":39,"column":38},"end":{"line":39,"column":51}},"type":"default-arg","locations":[{"start":{"line":39,"column":47},"end":{"line":39,"column":51}}],"line":39},"13":{"loc":{"start":{"line":40,"column":8},"end":{"line":42,"column":9}},"type":"if","locations":[{"start":{"line":40,"column":8},"end":{"line":42,"column":9}},{"start":{},"end":{}}],"line":40},"14":{"loc":{"start":{"line":43,"column":8},"end":{"line":45,"column":9}},"type":"if","locations":[{"start":{"line":43,"column":8},"end":{"line":45,"column":9}},{"start":{},"end":{}}],"line":43},"15":{"loc":{"start":{"line":44,"column":51},"end":{"line":44,"column":75}},"type":"cond-expr","locations":[{"start":{"line":44,"column":60},"end":{"line":44,"column":66}},{"start":{"line":44,"column":69},"end":{"line":44,"column":75}}],"line":44},"16":{"loc":{"start":{"line":46,"column":32},"end":{"line":46,"column":56}},"type":"cond-expr","locations":[{"start":{"line":46,"column":41},"end":{"line":46,"column":47}},{"start":{"line":46,"column":50},"end":{"line":46,"column":56}}],"line":46},"17":{"loc":{"start":{"line":47,"column":8},"end":{"line":49,"column":9}},"type":"if","locations":[{"start":{"line":47,"column":8},"end":{"line":49,"column":9}},{"start":{},"end":{}}],"line":47},"18":{"loc":{"start":{"line":48,"column":50},"end":{"line":48,"column":74}},"type":"cond-expr","locations":[{"start":{"line":48,"column":59},"end":{"line":48,"column":65}},{"start":{"line":48,"column":68},"end":{"line":48,"column":74}}],"line":48},"19":{"loc":{"start":{"line":51,"column":18},"end":{"line":51,"column":34}},"type":"default-arg","locations":[{"start":{"line":51,"column":25},"end":{"line":51,"column":34}}],"line":51},"20":{"loc":{"start":{"line":52,"column":8},"end":{"line":54,"column":9}},"type":"if","locations":[{"start":{"line":52,"column":8},"end":{"line":54,"column":9}},{"start":{},"end":{}}],"line":52},"21":{"loc":{"start":{"line":55,"column":8},"end":{"line":67,"column":9}},"type":"if","locations":[{"start":{"line":55,"column":8},"end":{"line":67,"column":9}},{"start":{"line":57,"column":15},"end":{"line":67,"column":9}}],"line":55},"22":{"loc":{"start":{"line":57,"column":15},"end":{"line":67,"column":9}},"type":"if","locations":[{"start":{"line":57,"column":15},"end":{"line":67,"column":9}},{"start":{"line":59,"column":15},"end":{"line":67,"column":9}}],"line":57},"23":{"loc":{"start":{"line":60,"column":12},"end":{"line":64,"column":13}},"type":"if","locations":[{"start":{"line":60,"column":12},"end":{"line":64,"column":13}},{"start":{"line":62,"column":19},"end":{"line":64,"column":13}}],"line":60},"24":{"loc":{"start":{"line":62,"column":19},"end":{"line":64,"column":13}},"type":"if","locations":[{"start":{"line":62,"column":19},"end":{"line":64,"column":13}},{"start":{},"end":{}}],"line":62},"25":{"loc":{"start":{"line":80,"column":16},"end":{"line":80,"column":32}},"type":"default-arg","locations":[{"start":{"line":80,"column":23},"end":{"line":80,"column":32}}],"line":80},"26":{"loc":{"start":{"line":81,"column":8},"end":{"line":83,"column":9}},"type":"if","locations":[{"start":{"line":81,"column":8},"end":{"line":83,"column":9}},{"start":{},"end":{}}],"line":81},"27":{"loc":{"start":{"line":84,"column":8},"end":{"line":91,"column":9}},"type":"if","locations":[{"start":{"line":84,"column":8},"end":{"line":91,"column":9}},{"start":{"line":87,"column":15},"end":{"line":91,"column":9}}],"line":84},"28":{"loc":{"start":{"line":87,"column":15},"end":{"line":91,"column":9}},"type":"if","locations":[{"start":{"line":87,"column":15},"end":{"line":91,"column":9}},{"start":{"line":89,"column":15},"end":{"line":91,"column":9}}],"line":87},"29":{"loc":{"start":{"line":102,"column":12},"end":{"line":105,"column":13}},"type":"if","locations":[{"start":{"line":102,"column":12},"end":{"line":105,"column":13}},{"start":{},"end":{}}],"line":102},"30":{"loc":{"start":{"line":106,"column":12},"end":{"line":109,"column":13}},"type":"if","locations":[{"start":{"line":106,"column":12},"end":{"line":109,"column":13}},{"start":{},"end":{}}],"line":106},"31":{"loc":{"start":{"line":111,"column":8},"end":{"line":113,"column":9}},"type":"if","locations":[{"start":{"line":111,"column":8},"end":{"line":113,"column":9}},{"start":{},"end":{}}],"line":111},"32":{"loc":{"start":{"line":118,"column":15},"end":{"line":118,"column":34}},"type":"default-arg","locations":[{"start":{"line":118,"column":25},"end":{"line":118,"column":34}}],"line":118},"33":{"loc":{"start":{"line":119,"column":8},"end":{"line":121,"column":9}},"type":"if","locations":[{"start":{"line":119,"column":8},"end":{"line":121,"column":9}},{"start":{},"end":{}}],"line":119},"34":{"loc":{"start":{"line":128,"column":12},"end":{"line":128,"column":28}},"type":"default-arg","locations":[{"start":{"line":128,"column":19},"end":{"line":128,"column":28}}],"line":128},"35":{"loc":{"start":{"line":128,"column":30},"end":{"line":128,"column":38}},"type":"default-arg","locations":[{"start":{"line":128,"column":36},"end":{"line":128,"column":38}}],"line":128},"36":{"loc":{"start":{"line":129,"column":8},"end":{"line":131,"column":9}},"type":"if","locations":[{"start":{"line":129,"column":8},"end":{"line":131,"column":9}},{"start":{},"end":{}}],"line":129},"37":{"loc":{"start":{"line":138,"column":13},"end":{"line":138,"column":29}},"type":"default-arg","locations":[{"start":{"line":138,"column":20},"end":{"line":138,"column":29}}],"line":138},"38":{"loc":{"start":{"line":138,"column":31},"end":{"line":138,"column":39}},"type":"default-arg","locations":[{"start":{"line":138,"column":37},"end":{"line":138,"column":39}}],"line":138},"39":{"loc":{"start":{"line":139,"column":8},"end":{"line":141,"column":9}},"type":"if","locations":[{"start":{"line":139,"column":8},"end":{"line":141,"column":9}},{"start":{},"end":{}}],"line":139},"40":{"loc":{"start":{"line":149,"column":14},"end":{"line":149,"column":30}},"type":"default-arg","locations":[{"start":{"line":149,"column":21},"end":{"line":149,"column":30}}],"line":149},"41":{"loc":{"start":{"line":149,"column":32},"end":{"line":149,"column":40}},"type":"default-arg","locations":[{"start":{"line":149,"column":38},"end":{"line":149,"column":40}}],"line":149},"42":{"loc":{"start":{"line":150,"column":8},"end":{"line":152,"column":9}},"type":"if","locations":[{"start":{"line":150,"column":8},"end":{"line":152,"column":9}},{"start":{},"end":{}}],"line":150},"43":{"loc":{"start":{"line":159,"column":11},"end":{"line":159,"column":27}},"type":"default-arg","locations":[{"start":{"line":159,"column":18},"end":{"line":159,"column":27}}],"line":159},"44":{"loc":{"start":{"line":160,"column":8},"end":{"line":162,"column":9}},"type":"if","locations":[{"start":{"line":160,"column":8},"end":{"line":162,"column":9}},{"start":{},"end":{}}],"line":160},"45":{"loc":{"start":{"line":166,"column":13},"end":{"line":166,"column":29}},"type":"default-arg","locations":[{"start":{"line":166,"column":20},"end":{"line":166,"column":29}}],"line":166},"46":{"loc":{"start":{"line":167,"column":8},"end":{"line":169,"column":9}},"type":"if","locations":[{"start":{"line":167,"column":8},"end":{"line":169,"column":9}},{"start":{},"end":{}}],"line":167},"47":{"loc":{"start":{"line":171,"column":8},"end":{"line":173,"column":9}},"type":"if","locations":[{"start":{"line":171,"column":8},"end":{"line":173,"column":9}},{"start":{},"end":{}}],"line":171},"48":{"loc":{"start":{"line":171,"column":12},"end":{"line":171,"column":115}},"type":"binary-expr","locations":[{"start":{"line":171,"column":13},"end":{"line":171,"column":29}},{"start":{"line":171,"column":34},"end":{"line":171,"column":72}},{"start":{"line":171,"column":76},"end":{"line":171,"column":115}}],"line":171},"49":{"loc":{"start":{"line":177,"column":15},"end":{"line":177,"column":31}},"type":"default-arg","locations":[{"start":{"line":177,"column":22},"end":{"line":177,"column":31}}],"line":177},"50":{"loc":{"start":{"line":178,"column":8},"end":{"line":180,"column":9}},"type":"if","locations":[{"start":{"line":178,"column":8},"end":{"line":180,"column":9}},{"start":{},"end":{}}],"line":178},"51":{"loc":{"start":{"line":183,"column":8},"end":{"line":188,"column":9}},"type":"if","locations":[{"start":{"line":183,"column":8},"end":{"line":188,"column":9}},{"start":{},"end":{}}],"line":183},"52":{"loc":{"start":{"line":184,"column":12},"end":{"line":186,"column":48}},"type":"binary-expr","locations":[{"start":{"line":184,"column":12},"end":{"line":184,"column":34}},{"start":{"line":185,"column":12},"end":{"line":185,"column":47}},{"start":{"line":186,"column":12},"end":{"line":186,"column":48}}],"line":184},"53":{"loc":{"start":{"line":193,"column":15},"end":{"line":193,"column":31}},"type":"default-arg","locations":[{"start":{"line":193,"column":22},"end":{"line":193,"column":31}}],"line":193},"54":{"loc":{"start":{"line":194,"column":8},"end":{"line":196,"column":9}},"type":"if","locations":[{"start":{"line":194,"column":8},"end":{"line":196,"column":9}},{"start":{},"end":{}}],"line":194}},"s":{"0":12,"1":248,"2":134,"3":114,"4":114,"5":114,"6":114,"7":114,"8":15,"9":0,"10":15,"11":0,"12":0,"13":0,"14":0,"15":0,"16":15,"17":15,"18":4,"19":4,"20":11,"21":11,"22":0,"23":12,"24":0,"25":0,"26":0,"27":0,"28":0,"29":0,"30":0,"31":2,"32":0,"33":2,"34":0,"35":2,"36":0,"37":2,"38":1,"39":1,"40":0,"41":1,"42":1,"43":1,"44":1,"45":1,"46":0,"47":0,"48":1,"49":1,"50":0,"51":1,"52":0,"53":1,"54":0,"55":1,"56":12,"57":12,"58":3,"59":3,"60":3,"61":3,"62":5,"63":5,"64":1,"65":1,"66":5,"67":3,"68":3,"69":3,"70":1,"71":2,"72":2,"73":1,"74":0,"75":1,"76":1,"77":1,"78":1,"79":31,"80":18,"81":13,"82":13,"83":13,"84":13,"85":1,"86":0,"87":1,"88":1,"89":1,"90":1,"91":1,"92":0,"93":1,"94":1,"95":1,"96":1,"97":33,"98":22,"99":11,"100":9,"101":4,"102":5,"103":5,"104":3,"105":2,"106":11,"107":6,"108":5,"109":5,"110":5,"111":5,"112":0,"113":12,"114":17,"115":9,"116":8,"117":8,"118":8,"119":8,"120":8,"121":118,"122":118,"123":118,"124":12,"125":12,"126":12,"127":5,"128":5,"129":5,"130":5,"131":5,"132":5,"133":6,"134":1},"f":{"0":12,"1":248,"2":15,"3":0,"4":2,"5":1,"6":1,"7":3,"8":1,"9":31,"10":1,"11":1,"12":33,"13":9,"14":11,"15":17,"16":118,"17":12,"18":5,"19":5,"20":6},"b":{"0":[20],"1":[20],"2":[134,114],"3":[4],"4":[0,15],"5":[0,15],"6":[0,0],"7":[0,0],"8":[15,0],"9":[4,11],"10":[11,0],"11":[0],"12":[0],"13":[0,0],"14":[0,0],"15":[0,0],"16":[0,0],"17":[0,0],"18":[0,0],"19":[1],"20":[0,2],"21":[0,2],"22":[0,2],"23":[1,1],"24":[0,1],"25":[1],"26":[0,1],"27":[0,1],"28":[0,1],"29":[1,4],"30":[3,2],"31":[1,2],"32":[0],"33":[0,1],"34":[1],"35":[1],"36":[18,13],"37":[1],"38":[1],"39":[0,1],"40":[1],"41":[1],"42":[0,1],"43":[1],"44":[22,11],"45":[1],"46":[4,5],"47":[3,2],"48":[5,4,4],"49":[1],"50":[6,5],"51":[5,0],"52":[5,5,5],"53":[1],"54":[9,8]},"_coverageSchema":"1a1c01bbd47fc00a2c39e90264f33305004495a9","hash":"9743e472714b67a49dc43e4b1ca3d414adf997a0"}
}
