{"/home/danny/repos/Binary-Search-Tree/binaryTree.js": {"path":"/home/danny/repos/Binary-Search-Tree/binaryTree.js","statementMap":{"0":{"start":{"line":3,"column":8},"end":{"line":3,"column":42}},"1":{"start":{"line":7,"column":8},"end":{"line":9,"column":9}},"2":{"start":{"line":8,"column":12},"end":{"line":8,"column":24}},"3":{"start":{"line":10,"column":20},"end":{"line":10,"column":49}},"4":{"start":{"line":11,"column":21},"end":{"line":11,"column":58}},"5":{"start":{"line":12,"column":22},"end":{"line":12,"column":58}},"6":{"start":{"line":13,"column":21},"end":{"line":13,"column":54}},"7":{"start":{"line":14,"column":8},"end":{"line":14,"column":20}},"8":{"start":{"line":18,"column":8},"end":{"line":20,"column":9}},"9":{"start":{"line":19,"column":12},"end":{"line":19,"column":52}},"10":{"start":{"line":21,"column":8},"end":{"line":37,"column":9}},"11":{"start":{"line":22,"column":12},"end":{"line":27,"column":13}},"12":{"start":{"line":23,"column":16},"end":{"line":23,"column":56}},"13":{"start":{"line":24,"column":16},"end":{"line":24,"column":23}},"14":{"start":{"line":25,"column":19},"end":{"line":27,"column":13}},"15":{"start":{"line":26,"column":16},"end":{"line":26,"column":53}},"16":{"start":{"line":28,"column":15},"end":{"line":37,"column":9}},"17":{"start":{"line":29,"column":12},"end":{"line":34,"column":13}},"18":{"start":{"line":30,"column":16},"end":{"line":30,"column":57}},"19":{"start":{"line":31,"column":16},"end":{"line":31,"column":23}},"20":{"start":{"line":32,"column":19},"end":{"line":34,"column":13}},"21":{"start":{"line":33,"column":16},"end":{"line":33,"column":54}},"22":{"start":{"line":36,"column":12},"end":{"line":36,"column":24}},"23":{"start":{"line":39,"column":18},"end":{"line":50,"column":5}},"24":{"start":{"line":40,"column":8},"end":{"line":42,"column":9}},"25":{"start":{"line":41,"column":11},"end":{"line":41,"column":18}},"26":{"start":{"line":43,"column":8},"end":{"line":45,"column":9}},"27":{"start":{"line":44,"column":10},"end":{"line":44,"column":86}},"28":{"start":{"line":46,"column":8},"end":{"line":46,"column":73}},"29":{"start":{"line":47,"column":8},"end":{"line":49,"column":9}},"30":{"start":{"line":48,"column":10},"end":{"line":48,"column":84}},"31":{"start":{"line":52,"column":8},"end":{"line":54,"column":9}},"32":{"start":{"line":53,"column":12},"end":{"line":53,"column":24}},"33":{"start":{"line":55,"column":8},"end":{"line":67,"column":9}},"34":{"start":{"line":56,"column":12},"end":{"line":56,"column":54}},"35":{"start":{"line":57,"column":15},"end":{"line":67,"column":9}},"36":{"start":{"line":58,"column":12},"end":{"line":58,"column":56}},"37":{"start":{"line":60,"column":12},"end":{"line":64,"column":13}},"38":{"start":{"line":61,"column":16},"end":{"line":61,"column":34}},"39":{"start":{"line":62,"column":19},"end":{"line":64,"column":13}},"40":{"start":{"line":63,"column":16},"end":{"line":63,"column":33}},"41":{"start":{"line":65,"column":12},"end":{"line":65,"column":50}},"42":{"start":{"line":66,"column":12},"end":{"line":66,"column":60}},"43":{"start":{"line":68,"column":8},"end":{"line":68,"column":20}},"44":{"start":{"line":72,"column":18},"end":{"line":72,"column":28}},"45":{"start":{"line":73,"column":8},"end":{"line":76,"column":9}},"46":{"start":{"line":74,"column":12},"end":{"line":74,"column":34}},"47":{"start":{"line":75,"column":12},"end":{"line":75,"column":29}},"48":{"start":{"line":77,"column":8},"end":{"line":77,"column":19}},"49":{"start":{"line":81,"column":8},"end":{"line":83,"column":9}},"50":{"start":{"line":82,"column":12},"end":{"line":82,"column":24}},"51":{"start":{"line":84,"column":8},"end":{"line":91,"column":9}},"52":{"start":{"line":85,"column":12},"end":{"line":85,"column":47}},"53":{"start":{"line":87,"column":15},"end":{"line":91,"column":9}},"54":{"start":{"line":88,"column":12},"end":{"line":88,"column":48}},"55":{"start":{"line":90,"column":12},"end":{"line":90,"column":24}},"56":{"start":{"line":98,"column":8},"end":{"line":98,"column":27}},"57":{"start":{"line":99,"column":8},"end":{"line":99,"column":25}},"58":{"start":{"line":100,"column":8},"end":{"line":100,"column":27}},"59":{"start":{"line":106,"column":8},"end":{"line":106,"column":24}},"60":{"start":{"line":107,"column":8},"end":{"line":107,"column":28}},"61":{"start":{"line":108,"column":8},"end":{"line":108,"column":27}},"62":{"start":{"line":111,"column":8},"end":{"line":111,"column":42}},"63":{"start":{"line":112,"column":8},"end":{"line":112,"column":25}},"64":{"start":{"line":115,"column":21},"end":{"line":115,"column":48}},"65":{"start":{"line":116,"column":8},"end":{"line":116,"column":43}},"66":{"start":{"line":117,"column":8},"end":{"line":117,"column":26}},"67":{"start":{"line":118,"column":8},"end":{"line":118,"column":20}},"68":{"start":{"line":128,"column":0},"end":{"line":128,"column":28}}},"fnMap":{"0":{"name":"(anonymous_0)","decl":{"start":{"line":2,"column":4},"end":{"line":2,"column":5}},"loc":{"start":{"line":2,"column":23},"end":{"line":4,"column":5}},"line":2},"1":{"name":"(anonymous_1)","decl":{"start":{"line":6,"column":4},"end":{"line":6,"column":5}},"loc":{"start":{"line":6,"column":56},"end":{"line":15,"column":5}},"line":6},"2":{"name":"(anonymous_2)","decl":{"start":{"line":17,"column":4},"end":{"line":17,"column":5}},"loc":{"start":{"line":17,"column":36},"end":{"line":38,"column":5}},"line":17},"3":{"name":"(anonymous_3)","decl":{"start":{"line":39,"column":18},"end":{"line":39,"column":19}},"loc":{"start":{"line":39,"column":56},"end":{"line":50,"column":5}},"line":39},"4":{"name":"(anonymous_4)","decl":{"start":{"line":51,"column":4},"end":{"line":51,"column":5}},"loc":{"start":{"line":51,"column":36},"end":{"line":69,"column":5}},"line":51},"5":{"name":"(anonymous_5)","decl":{"start":{"line":71,"column":4},"end":{"line":71,"column":5}},"loc":{"start":{"line":71,"column":19},"end":{"line":78,"column":5}},"line":71},"6":{"name":"(anonymous_6)","decl":{"start":{"line":80,"column":4},"end":{"line":80,"column":5}},"loc":{"start":{"line":80,"column":34},"end":{"line":92,"column":5}},"line":80},"7":{"name":"(anonymous_7)","decl":{"start":{"line":97,"column":4},"end":{"line":97,"column":5}},"loc":{"start":{"line":97,"column":36},"end":{"line":101,"column":5}},"line":97},"8":{"name":"(anonymous_8)","decl":{"start":{"line":105,"column":4},"end":{"line":105,"column":5}},"loc":{"start":{"line":105,"column":18},"end":{"line":109,"column":5}},"line":105},"9":{"name":"(anonymous_9)","decl":{"start":{"line":110,"column":4},"end":{"line":110,"column":5}},"loc":{"start":{"line":110,"column":18},"end":{"line":113,"column":5}},"line":110},"10":{"name":"(anonymous_10)","decl":{"start":{"line":114,"column":4},"end":{"line":114,"column":5}},"loc":{"start":{"line":114,"column":14},"end":{"line":119,"column":5}},"line":114}},"branchMap":{"0":{"loc":{"start":{"line":6,"column":21},"end":{"line":6,"column":30}},"type":"default-arg","locations":[{"start":{"line":6,"column":29},"end":{"line":6,"column":30}}],"line":6},"1":{"loc":{"start":{"line":6,"column":32},"end":{"line":6,"column":54}},"type":"default-arg","locations":[{"start":{"line":6,"column":38},"end":{"line":6,"column":54}}],"line":6},"2":{"loc":{"start":{"line":7,"column":8},"end":{"line":9,"column":9}},"type":"if","locations":[{"start":{"line":7,"column":8},"end":{"line":9,"column":9}},{"start":{},"end":{}}],"line":7},"3":{"loc":{"start":{"line":17,"column":18},"end":{"line":17,"column":34}},"type":"default-arg","locations":[{"start":{"line":17,"column":25},"end":{"line":17,"column":34}}],"line":17},"4":{"loc":{"start":{"line":18,"column":8},"end":{"line":20,"column":9}},"type":"if","locations":[{"start":{"line":18,"column":8},"end":{"line":20,"column":9}},{"start":{},"end":{}}],"line":18},"5":{"loc":{"start":{"line":21,"column":8},"end":{"line":37,"column":9}},"type":"if","locations":[{"start":{"line":21,"column":8},"end":{"line":37,"column":9}},{"start":{"line":28,"column":15},"end":{"line":37,"column":9}}],"line":21},"6":{"loc":{"start":{"line":22,"column":12},"end":{"line":27,"column":13}},"type":"if","locations":[{"start":{"line":22,"column":12},"end":{"line":27,"column":13}},{"start":{"line":25,"column":19},"end":{"line":27,"column":13}}],"line":22},"7":{"loc":{"start":{"line":25,"column":19},"end":{"line":27,"column":13}},"type":"if","locations":[{"start":{"line":25,"column":19},"end":{"line":27,"column":13}},{"start":{},"end":{}}],"line":25},"8":{"loc":{"start":{"line":28,"column":15},"end":{"line":37,"column":9}},"type":"if","locations":[{"start":{"line":28,"column":15},"end":{"line":37,"column":9}},{"start":{"line":35,"column":15},"end":{"line":37,"column":9}}],"line":28},"9":{"loc":{"start":{"line":29,"column":12},"end":{"line":34,"column":13}},"type":"if","locations":[{"start":{"line":29,"column":12},"end":{"line":34,"column":13}},{"start":{"line":32,"column":19},"end":{"line":34,"column":13}}],"line":29},"10":{"loc":{"start":{"line":32,"column":19},"end":{"line":34,"column":13}},"type":"if","locations":[{"start":{"line":32,"column":19},"end":{"line":34,"column":13}},{"start":{},"end":{}}],"line":32},"11":{"loc":{"start":{"line":39,"column":25},"end":{"line":39,"column":36}},"type":"default-arg","locations":[{"start":{"line":39,"column":34},"end":{"line":39,"column":36}}],"line":39},"12":{"loc":{"start":{"line":39,"column":38},"end":{"line":39,"column":51}},"type":"default-arg","locations":[{"start":{"line":39,"column":47},"end":{"line":39,"column":51}}],"line":39},"13":{"loc":{"start":{"line":40,"column":8},"end":{"line":42,"column":9}},"type":"if","locations":[{"start":{"line":40,"column":8},"end":{"line":42,"column":9}},{"start":{},"end":{}}],"line":40},"14":{"loc":{"start":{"line":43,"column":8},"end":{"line":45,"column":9}},"type":"if","locations":[{"start":{"line":43,"column":8},"end":{"line":45,"column":9}},{"start":{},"end":{}}],"line":43},"15":{"loc":{"start":{"line":44,"column":51},"end":{"line":44,"column":75}},"type":"cond-expr","locations":[{"start":{"line":44,"column":60},"end":{"line":44,"column":66}},{"start":{"line":44,"column":69},"end":{"line":44,"column":75}}],"line":44},"16":{"loc":{"start":{"line":46,"column":32},"end":{"line":46,"column":56}},"type":"cond-expr","locations":[{"start":{"line":46,"column":41},"end":{"line":46,"column":47}},{"start":{"line":46,"column":50},"end":{"line":46,"column":56}}],"line":46},"17":{"loc":{"start":{"line":47,"column":8},"end":{"line":49,"column":9}},"type":"if","locations":[{"start":{"line":47,"column":8},"end":{"line":49,"column":9}},{"start":{},"end":{}}],"line":47},"18":{"loc":{"start":{"line":48,"column":50},"end":{"line":48,"column":74}},"type":"cond-expr","locations":[{"start":{"line":48,"column":59},"end":{"line":48,"column":65}},{"start":{"line":48,"column":68},"end":{"line":48,"column":74}}],"line":48},"19":{"loc":{"start":{"line":51,"column":18},"end":{"line":51,"column":34}},"type":"default-arg","locations":[{"start":{"line":51,"column":25},"end":{"line":51,"column":34}}],"line":51},"20":{"loc":{"start":{"line":52,"column":8},"end":{"line":54,"column":9}},"type":"if","locations":[{"start":{"line":52,"column":8},"end":{"line":54,"column":9}},{"start":{},"end":{}}],"line":52},"21":{"loc":{"start":{"line":55,"column":8},"end":{"line":67,"column":9}},"type":"if","locations":[{"start":{"line":55,"column":8},"end":{"line":67,"column":9}},{"start":{"line":57,"column":15},"end":{"line":67,"column":9}}],"line":55},"22":{"loc":{"start":{"line":57,"column":15},"end":{"line":67,"column":9}},"type":"if","locations":[{"start":{"line":57,"column":15},"end":{"line":67,"column":9}},{"start":{"line":59,"column":15},"end":{"line":67,"column":9}}],"line":57},"23":{"loc":{"start":{"line":60,"column":12},"end":{"line":64,"column":13}},"type":"if","locations":[{"start":{"line":60,"column":12},"end":{"line":64,"column":13}},{"start":{"line":62,"column":19},"end":{"line":64,"column":13}}],"line":60},"24":{"loc":{"start":{"line":62,"column":19},"end":{"line":64,"column":13}},"type":"if","locations":[{"start":{"line":62,"column":19},"end":{"line":64,"column":13}},{"start":{},"end":{}}],"line":62},"25":{"loc":{"start":{"line":80,"column":16},"end":{"line":80,"column":32}},"type":"default-arg","locations":[{"start":{"line":80,"column":23},"end":{"line":80,"column":32}}],"line":80},"26":{"loc":{"start":{"line":81,"column":8},"end":{"line":83,"column":9}},"type":"if","locations":[{"start":{"line":81,"column":8},"end":{"line":83,"column":9}},{"start":{},"end":{}}],"line":81},"27":{"loc":{"start":{"line":84,"column":8},"end":{"line":91,"column":9}},"type":"if","locations":[{"start":{"line":84,"column":8},"end":{"line":91,"column":9}},{"start":{"line":87,"column":15},"end":{"line":91,"column":9}}],"line":84},"28":{"loc":{"start":{"line":87,"column":15},"end":{"line":91,"column":9}},"type":"if","locations":[{"start":{"line":87,"column":15},"end":{"line":91,"column":9}},{"start":{"line":89,"column":15},"end":{"line":91,"column":9}}],"line":87}},"s":{"0":4,"1":44,"2":24,"3":20,"4":20,"5":20,"6":20,"7":20,"8":3,"9":0,"10":3,"11":0,"12":0,"13":0,"14":0,"15":0,"16":3,"17":3,"18":1,"19":1,"20":2,"21":2,"22":0,"23":4,"24":0,"25":0,"26":0,"27":0,"28":0,"29":0,"30":0,"31":2,"32":0,"33":2,"34":0,"35":2,"36":0,"37":2,"38":1,"39":1,"40":0,"41":1,"42":1,"43":1,"44":1,"45":1,"46":0,"47":0,"48":1,"49":1,"50":0,"51":1,"52":0,"53":1,"54":0,"55":1,"56":21,"57":21,"58":21,"59":0,"60":0,"61":0,"62":0,"63":0,"64":0,"65":0,"66":0,"67":0,"68":1},"f":{"0":4,"1":44,"2":3,"3":0,"4":2,"5":1,"6":1,"7":21,"8":0,"9":0,"10":0},"b":{"0":[4],"1":[4],"2":[24,20],"3":[1],"4":[0,3],"5":[0,3],"6":[0,0],"7":[0,0],"8":[3,0],"9":[1,2],"10":[2,0],"11":[0],"12":[0],"13":[0,0],"14":[0,0],"15":[0,0],"16":[0,0],"17":[0,0],"18":[0,0],"19":[1],"20":[0,2],"21":[0,2],"22":[0,2],"23":[1,1],"24":[0,1],"25":[1],"26":[0,1],"27":[0,1],"28":[0,1]},"_coverageSchema":"1a1c01bbd47fc00a2c39e90264f33305004495a9","hash":"31a21b8b955f98917c574981e4dcebd9e316b770"}
}
