TN:
SF:binaryTree.js
FN:2,(anonymous_0)
FN:6,(anonymous_1)
FN:17,(anonymous_2)
FN:39,(anonymous_3)
FN:55,(anonymous_4)
FN:63,(anonymous_5)
FN:68,(anonymous_6)
FN:72,(anonymous_7)
FNF:8
FNH:4
FNDA:2,(anonymous_0)
FNDA:22,(anonymous_1)
FNDA:3,(anonymous_2)
FNDA:0,(anonymous_3)
FNDA:11,(anonymous_4)
FNDA:0,(anonymous_5)
FNDA:0,(anonymous_6)
FNDA:0,(anonymous_7)
DA:3,2
DA:7,22
DA:8,12
DA:10,10
DA:11,10
DA:12,10
DA:13,10
DA:14,10
DA:18,3
DA:19,0
DA:21,3
DA:22,0
DA:23,0
DA:24,0
DA:25,0
DA:26,0
DA:28,3
DA:29,3
DA:30,1
DA:31,1
DA:32,2
DA:33,2
DA:36,0
DA:39,2
DA:40,0
DA:41,0
DA:43,0
DA:44,0
DA:46,0
DA:47,0
DA:48,0
DA:56,11
DA:57,11
DA:58,11
DA:64,0
DA:65,0
DA:66,0
DA:69,0
DA:70,0
DA:73,0
DA:74,0
DA:75,0
DA:76,0
DA:86,1
LF:44
LH:21
BRDA:6,0,0,2
BRDA:6,1,0,2
BRDA:7,2,0,12
BRDA:7,2,1,10
BRDA:17,3,0,1
BRDA:18,4,0,0
BRDA:18,4,1,3
BRDA:21,5,0,0
BRDA:21,5,1,3
BRDA:22,6,0,0
BRDA:22,6,1,0
BRDA:25,7,0,0
BRDA:25,7,1,0
BRDA:28,8,0,3
BRDA:28,8,1,0
BRDA:29,9,0,1
BRDA:29,9,1,2
BRDA:32,10,0,2
BRDA:32,10,1,0
BRDA:39,11,0,0
BRDA:39,12,0,0
BRDA:40,13,0,0
BRDA:40,13,1,0
BRDA:43,14,0,0
BRDA:43,14,1,0
BRDA:44,15,0,0
BRDA:44,15,1,0
BRDA:46,16,0,0
BRDA:46,16,1,0
BRDA:47,17,0,0
BRDA:47,17,1,0
BRDA:48,18,0,0
BRDA:48,18,1,0
BRF:33
BRH:11
end_of_record
