TN:
SF:binaryTree.js
FN:2,(anonymous_0)
FN:6,(anonymous_1)
FN:17,(anonymous_2)
FN:39,(anonymous_3)
FN:51,(anonymous_4)
FN:71,(anonymous_5)
FN:80,(anonymous_6)
FN:97,(anonymous_7)
FN:118,(anonymous_8)
FN:128,(anonymous_9)
FN:138,(anonymous_10)
FN:149,(anonymous_11)
FN:159,(anonymous_12)
FN:166,(anonymous_13)
FN:177,(anonymous_14)
FN:191,(anonymous_15)
FN:199,(anonymous_16)
FN:204,(anonymous_17)
FN:208,(anonymous_18)
FN:214,(anonymous_19)
FNF:20
FNH:19
FNDA:11,(anonymous_0)
FNDA:121,(anonymous_1)
FNDA:3,(anonymous_2)
FNDA:0,(anonymous_3)
FNDA:2,(anonymous_4)
FNDA:1,(anonymous_5)
FNDA:1,(anonymous_6)
FNDA:3,(anonymous_7)
FNDA:1,(anonymous_8)
FNDA:31,(anonymous_9)
FNDA:1,(anonymous_10)
FNDA:1,(anonymous_11)
FNDA:27,(anonymous_12)
FNDA:9,(anonymous_13)
FNDA:6,(anonymous_14)
FNDA:56,(anonymous_15)
FNDA:11,(anonymous_16)
FNDA:5,(anonymous_17)
FNDA:5,(anonymous_18)
FNDA:6,(anonymous_19)
DA:3,11
DA:7,121
DA:8,66
DA:10,55
DA:11,55
DA:12,55
DA:13,55
DA:14,55
DA:18,3
DA:19,0
DA:21,3
DA:22,0
DA:23,0
DA:24,0
DA:25,0
DA:26,0
DA:28,3
DA:29,3
DA:30,1
DA:31,1
DA:32,2
DA:33,2
DA:36,0
DA:39,11
DA:40,0
DA:41,0
DA:43,0
DA:44,0
DA:46,0
DA:47,0
DA:48,0
DA:52,2
DA:53,0
DA:55,2
DA:56,0
DA:57,2
DA:58,0
DA:60,2
DA:61,1
DA:62,1
DA:63,0
DA:65,1
DA:66,1
DA:68,1
DA:72,1
DA:73,1
DA:74,0
DA:75,0
DA:77,1
DA:81,1
DA:82,0
DA:84,1
DA:85,0
DA:87,1
DA:88,0
DA:90,1
DA:94,11
DA:95,11
DA:98,3
DA:99,3
DA:100,3
DA:101,5
DA:102,5
DA:103,1
DA:104,1
DA:106,5
DA:107,3
DA:108,3
DA:111,3
DA:112,1
DA:114,2
DA:115,2
DA:119,1
DA:120,0
DA:122,1
DA:123,1
DA:124,1
DA:125,1
DA:129,31
DA:130,18
DA:132,13
DA:133,13
DA:134,13
DA:135,13
DA:139,1
DA:140,0
DA:142,1
DA:143,1
DA:144,1
DA:145,1
DA:150,1
DA:151,0
DA:153,1
DA:154,1
DA:155,1
DA:156,1
DA:160,27
DA:161,17
DA:163,10
DA:167,9
DA:168,4
DA:170,5
DA:171,5
DA:172,3
DA:174,2
DA:178,6
DA:179,3
DA:181,3
DA:182,3
DA:183,3
DA:184,1
DA:192,56
DA:193,56
DA:194,56
DA:200,11
DA:201,11
DA:202,11
DA:205,5
DA:206,5
DA:209,5
DA:210,5
DA:211,5
DA:212,5
DA:215,6
DA:225,1
LF:125
LH:99
BRDA:6,0,0,11
BRDA:6,1,0,11
BRDA:7,2,0,66
BRDA:7,2,1,55
BRDA:17,3,0,1
BRDA:18,4,0,0
BRDA:18,4,1,3
BRDA:21,5,0,0
BRDA:21,5,1,3
BRDA:22,6,0,0
BRDA:22,6,1,0
BRDA:25,7,0,0
BRDA:25,7,1,0
BRDA:28,8,0,3
BRDA:28,8,1,0
BRDA:29,9,0,1
BRDA:29,9,1,2
BRDA:32,10,0,2
BRDA:32,10,1,0
BRDA:39,11,0,0
BRDA:39,12,0,0
BRDA:40,13,0,0
BRDA:40,13,1,0
BRDA:43,14,0,0
BRDA:43,14,1,0
BRDA:44,15,0,0
BRDA:44,15,1,0
BRDA:46,16,0,0
BRDA:46,16,1,0
BRDA:47,17,0,0
BRDA:47,17,1,0
BRDA:48,18,0,0
BRDA:48,18,1,0
BRDA:51,19,0,1
BRDA:52,20,0,0
BRDA:52,20,1,2
BRDA:55,21,0,0
BRDA:55,21,1,2
BRDA:57,22,0,0
BRDA:57,22,1,2
BRDA:60,23,0,1
BRDA:60,23,1,1
BRDA:62,24,0,0
BRDA:62,24,1,1
BRDA:80,25,0,1
BRDA:81,26,0,0
BRDA:81,26,1,1
BRDA:84,27,0,0
BRDA:84,27,1,1
BRDA:87,28,0,0
BRDA:87,28,1,1
BRDA:102,29,0,1
BRDA:102,29,1,4
BRDA:106,30,0,3
BRDA:106,30,1,2
BRDA:111,31,0,1
BRDA:111,31,1,2
BRDA:118,32,0,0
BRDA:119,33,0,0
BRDA:119,33,1,1
BRDA:128,34,0,1
BRDA:128,35,0,1
BRDA:129,36,0,18
BRDA:129,36,1,13
BRDA:138,37,0,1
BRDA:138,38,0,1
BRDA:139,39,0,0
BRDA:139,39,1,1
BRDA:149,40,0,1
BRDA:149,41,0,1
BRDA:150,42,0,0
BRDA:150,42,1,1
BRDA:159,43,0,1
BRDA:160,44,0,17
BRDA:160,44,1,10
BRDA:166,45,0,1
BRDA:167,46,0,4
BRDA:167,46,1,5
BRDA:171,47,0,3
BRDA:171,47,1,2
BRDA:171,48,0,5
BRDA:171,48,1,4
BRDA:171,48,2,4
BRDA:177,49,0,1
BRDA:178,50,0,3
BRDA:178,50,1,3
BRDA:183,51,0,1
BRDA:183,51,1,2
BRDA:183,52,0,3
BRDA:183,52,1,3
BRDA:183,52,2,2
BRF:91
BRH:58
end_of_record
